<?xml version="1.0" encoding="UTF-8"?>
<!-- Generated by org.testng.reporters.JUnitReportReporter -->
<testsuite hostname="DESKTOP-GJJ9NOE" failures="0" tests="1" name="ECommerce.Tests.ErrorValidations" time="0.440" errors="0" timestamp="2022-12-07T19:42:04 IST" skipped="0">
  <testcase classname="ECommerce.Tests.ErrorValidations" name="errorMessage" time="0.440"/>
  <system-out/>
</testsuite> <!-- ECommerce.Tests.ErrorValidations -->
