<?xml version="1.0" encoding="UTF-8"?>
<!-- Generated by org.testng.reporters.JUnitReportReporter -->
<testsuite hostname="DESKTOP-GJJ9NOE" failures="0" tests="3" name="General.Day1" time="0.007" errors="0" timestamp="2022-10-31T15:35:47 IST" skipped="0">
  <testcase classname="General.Day1" name="LoginPositive" time="0.001"/>
  <system-out/>
  <testcase classname="General.Day1" name="Demo" time="0.005"/>
  <system-out/>
  <testcase classname="General.Day1" name="LoginNegative" time="0.001"/>
  <system-out/>
</testsuite> <!-- General.Day1 -->
