<?xml version="1.0" encoding="UTF-8"?>
<!-- Generated by org.testng.reporters.JUnitReportReporter -->
<testsuite hostname="DESKTOP-GJJ9NOE" failures="0" tests="2" name="General.Day4" time="0.002" errors="0" timestamp="2022-10-31T15:35:47 IST" skipped="0">
  <testcase classname="General.Day4" name="carLoanAccept" time="0.001"/>
  <system-out/>
  <testcase classname="General.Day4" name="carLoanReject" time="0.001"/>
  <system-out/>
</testsuite> <!-- General.Day4 -->
