<?xml version="1.0" encoding="UTF-8"?>
<!-- Generated by org.testng.reporters.JUnitReportReporter -->
<testsuite hostname="DESKTOP-GJJ9NOE" failures="0" tests="4" name="General.Day3" time="0.008" errors="0" timestamp="2022-10-31T15:35:47 IST" skipped="0">
  <testcase classname="General.Day3" name="HomeLoan" time="0.002"/>
  <system-out/>
  <testcase classname="General.Day3" name="HomeLoan" time="0.001"/>
  <system-out/>
  <testcase classname="General.Day3" name="HomeLoan" time="0.002"/>
  <system-out/>
  <testcase classname="General.Day3" name="MobileHomeLoan" time="0.003"/>
  <system-out/>
</testsuite> <!-- General.Day3 -->
